Arguments: 
  C:\Program Files\nodejs\node.exe C:\Program Files (x86)\Yarn\bin\yarn.js add zod

PATH: 
  C:\windows\system32;C:\windows;C:\windows\System32\Wbem;C:\windows\System32\WindowsPowerShell\v1.0\;C:\windows\System32\OpenSSH\;C:\Program Files (x86)\NVIDIA Corporation\PhysX\Common;C:\Program Files\NVIDIA Corporation\NVIDIA NvDLISR;C:\ProgramData\chocolatey\bin;C:\Program Files\nodejs\;C:\Program Files (x86)\Yarn\bin\;C:\apache-maven-3.8.3\bin;C:\WINDOWS\system32;C:\WINDOWS;C:\WINDOWS\System32\Wbem;C:\WINDOWS\System32\WindowsPowerShell\v1.0\;C:\WINDOWS\System32\OpenSSH\;C:\Program Files\Git\cmd;C:\Program Files (x86)\dotnet\;C:\Users\luciana.oliveira\AppData\Local\Microsoft\WindowsApps;C:\Users\luciana.oliveira\AppData\Local\nvs\;C:\Users\luciana.oliveira\AppData\Roaming\npm;C:\Users\luciana.oliveira\AppData\Local\Yarn\bin;C:\Users\luciana.oliveira\AppData\Local\Programs\Microsoft VS Code\bin;C:\Users\luciana.oliveira\AppData\Local\GitHubDesktop\bin

Yarn version: 
  1.22.5

Node version: 
  14.17.3

Platform: 
  win32 x64

Trace: 
  Error: https://registry.yarnpkg.com/@fastify%2fcors: tunneling socket could not be established, statusCode=400
      at ClientRequest.onConnect (C:\Program Files (x86)\Yarn\lib\cli.js:152224:19)
      at Object.onceWrapper (events.js:482:26)
      at ClientRequest.emit (events.js:375:28)
      at TLSSocket.socketOnData (_http_client.js:553:11)
      at TLSSocket.emit (events.js:375:28)
      at addChunk (internal/streams/readable.js:290:12)
      at readableAddChunk (internal/streams/readable.js:265:9)
      at TLSSocket.Readable.push (internal/streams/readable.js:204:10)
      at TLSWrap.onStreamRead (internal/stream_base_commons.js:188:23)

npm manifest: 
  {
    "name": "server",
    "version": "1.0.0",
    "description": "",
    "main": "index.js",
    "scripts": {
      "dev": "tsx watch src/server.ts"
    },
    "keywords": [],
    "author": "",
    "license": "ISC",
    "prisma": {
      "seed": "tsx prisma/seed.ts"
    },
    "devDependencies": {
      "@mermaid-js/mermaid-cli": "^9.1.7",
      "prisma": "^4.5.0",
      "prisma-erd-generator": "^1.2.2",
      "tsx": "^3.11.0",
      "typescript": "^4.8.4"
    },
    "dependencies": {
      "@fastify/cors": "^8.1.1",
      "@prisma/client": "^4.5.0",
      "fastify": "^4.9.2",
      "nodejs": "0.0.0"
    }
  }

yarn manifest: 
  No manifest

Lockfile: 
  No lockfile
